Using pre-set license
Built from '2020.3/staging' branch; Version is '2020.3.8f1 (507919d4fff5) revision 5273881'; Using compiler version '192528614'; Build Type 'Release'
OS: 'Windows 10 Pro; OS build 19042.985; Version 2009; 64bit' Language: 'pt' Physical Memory: 6020 MB
BatchMode: 1, IsHumanControllingUs: 0, StartBugReporterOnCrash: 0, Is64bit: 1, IsPro: 0

 COMMAND LINE ARGUMENTS:
C:\Program Files\Unity\Hub\Editor\2020.3.8f1\Editor\Unity.exe
-adb2
-batchMode
-noUpm
-name
AssetImportWorker1
-projectPath
C:/Users/Allan/Documents/UnityProjects/Unity-AWS-GameLift-Server
-logFile
Logs/AssetImportWorker1.log
-srvPort
54609
Successfully changed project path to: C:/Users/Allan/Documents/UnityProjects/Unity-AWS-GameLift-Server
C:/Users/Allan/Documents/UnityProjects/Unity-AWS-GameLift-Server
Using Asset Import Pipeline V2.
Refreshing native plugins compatible for Editor in 54.56 ms, found 1 plugins.
Preloading 0 native plugins for Editor in 0.00 ms.
Initialize engine version: 2020.3.8f1 (507919d4fff5)
[Subsystems] Discovering subsystems at path C:/Program Files/Unity/Hub/Editor/2020.3.8f1/Editor/Data/Resources/UnitySubsystems
[Subsystems] Discovering subsystems at path C:/Users/Allan/Documents/UnityProjects/Unity-AWS-GameLift-Server/Assets
GfxDevice: creating device client; threaded=0
Direct3D:
    Version:  Direct3D 11.0 [level 11.1]
    Renderer: AMD Radeon(TM) Vega 8 Graphics (ID=0x15d8)
    Vendor:   
    VRAM:     3010 MB
    Driver:   26.20.14046.3
Initialize mono
Mono path[0] = 'C:/Program Files/Unity/Hub/Editor/2020.3.8f1/Editor/Data/Managed'
Mono path[1] = 'C:/Program Files/Unity/Hub/Editor/2020.3.8f1/Editor/Data/MonoBleedingEdge/lib/mono/unityjit'
Mono config path = 'C:/Program Files/Unity/Hub/Editor/2020.3.8f1/Editor/Data/MonoBleedingEdge/etc'
Using monoOptions --debugger-agent=transport=dt_socket,embedding=1,server=y,suspend=n,address=127.0.0.1:56520
Begin MonoManager ReloadAssembly
Registering precompiled unity dll's ...
Register platform support module: C:/Program Files/Unity/Hub/Editor/2020.3.8f1/Editor/Data/PlaybackEngines/WindowsStandaloneSupport/UnityEditor.WindowsStandalone.Extensions.dll
Registered in 0.002850 seconds.
Native extension for WindowsStandalone target not found
Refreshing native plugins compatible for Editor in 44.76 ms, found 1 plugins.
Preloading 0 native plugins for Editor in 0.00 ms.
Mono: successfully reloaded assembly
- Completed reload, in  1.554 seconds
Platform modules already initialized, skipping
Registering precompiled user dll's ...
Registered in 0.002555 seconds.
Begin MonoManager ReloadAssembly
Error: Could not load signature of Amazon.GameLift.Model.DescribeFleetAttributesPaginator:get_Responses due to: Could not load file or assembly 'Microsoft.Bcl.AsyncInterfaces, Version=1.0.0.0, Culture=neutral, PublicKeyToken=cc7b13ffcd2ddd51' or one of its dependencies. assembly:Microsoft.Bcl.AsyncInterfaces, Version=1.0.0.0, Culture=neutral, PublicKeyToken=cc7b13ffcd2ddd51 type:<unknown type> member:(null) signature:<none>

Error: Could not load signature of Amazon.Runtime.IPaginator`1[TResponse]:PaginateAsync due to: Could not load file or assembly 'Microsoft.Bcl.AsyncInterfaces, Version=1.0.0.0, Culture=neutral, PublicKeyToken=cc7b13ffcd2ddd51' or one of its dependencies. assembly:Microsoft.Bcl.AsyncInterfaces, Version=1.0.0.0, Culture=neutral, PublicKeyToken=cc7b13ffcd2ddd51 type:<unknown type> member:(null) signature:<none>

Unloading broken assembly Assets/Plugins/AWSSDK.GameLift.dll, this assembly can cause crashes in the runtime

Unloading broken assembly Assets/Plugins/AWSSDK.Core.dll, this assembly can cause crashes in the runtime

Native extension for WindowsStandalone target not found
Refreshing native plugins compatible for Editor in 41.65 ms, found 1 plugins.
Preloading 0 native plugins for Editor in 0.00 ms.
Mono: successfully reloaded assembly
- Completed reload, in  1.230 seconds
Platform modules already initialized, skipping
========================================================================
Worker process is ready to serve import requests
Launched and connected shader compiler UnityShaderCompiler.exe after 0.32 seconds
Refreshing native plugins compatible for Editor in 0.47 ms, found 1 plugins.
Preloading 0 native plugins for Editor in 0.00 ms.
Unloading 1811 Unused Serialized files (Serialized files now loaded: 0)
System memory in use before: 85.1 MB.
System memory in use after: 85.0 MB.

Unloading 26 unused Assets to reduce memory usage. Loaded Objects now: 2251.
Total: 28.289100 ms (FindLiveObjects: 0.261100 ms CreateObjectMapping: 0.058300 ms MarkObjects: 27.453600 ms  DeleteObjects: 0.512900 ms)

========================================================================
Received Import Request.
  path: Assets/Scripts/Player.cs
  artifactKey: Guid(901c1fb64ec86fd4e8c4281494801b54) Importer(815301076,1909f56bfc062723c751e8b465ee728b)
Start importing Assets/Scripts/Player.cs using Guid(901c1fb64ec86fd4e8c4281494801b54) Importer(815301076,1909f56bfc062723c751e8b465ee728b)  -> (artifact id: '6872455ee84688e92d6801acb13e4d1d') in 0.076977 seconds
  Import took 0.106300 seconds .

========================================================================
Received Import Request.
  Time since last request: 222.719455 seconds.
  path: Packages/com.unity.ide.vscode/Editor/Unity.com.unity.vscode.Editor.asmdef
  artifactKey: Guid(8b845b123ab418448a8be2935fa804e0) Importer(815301076,1909f56bfc062723c751e8b465ee728b)
Start importing Packages/com.unity.ide.vscode/Editor/Unity.com.unity.vscode.Editor.asmdef using Guid(8b845b123ab418448a8be2935fa804e0) Importer(815301076,1909f56bfc062723c751e8b465ee728b)  -> (artifact id: '52b6ef3f135b63af18b6fbbe340ded76') in 0.032891 seconds
  Import took 0.047682 seconds .

========================================================================
Received Import Request.
  Time since last request: 8.715712 seconds.
  path: Packages/com.unity.ide.rider/package.json
  artifactKey: Guid(66c95bb3c74257f41bae2622511dc02d) Importer(815301076,1909f56bfc062723c751e8b465ee728b)
Start importing Packages/com.unity.ide.rider/package.json using Guid(66c95bb3c74257f41bae2622511dc02d) Importer(815301076,1909f56bfc062723c751e8b465ee728b)  -> (artifact id: 'ff96f7b61e94a0dc9b975679be81ead9') in 0.122146 seconds
  Import took 0.153238 seconds .

========================================================================
Received Prepare
Registering precompiled user dll's ...
Registered in 0.015725 seconds.
Begin MonoManager ReloadAssembly
Native extension for WindowsStandalone target not found
Refreshing native plugins compatible for Editor in 0.47 ms, found 1 plugins.
Preloading 0 native plugins for Editor in 0.00 ms.
Mono: successfully reloaded assembly
- Completed reload, in  1.215 seconds
Platform modules already initialized, skipping
Refreshing native plugins compatible for Editor in 0.51 ms, found 1 plugins.
Preloading 0 native plugins for Editor in 0.00 ms.
Unloading 1809 Unused Serialized files (Serialized files now loaded: 0)
System memory in use before: 85.3 MB.
System memory in use after: 85.3 MB.

Unloading 17 unused Assets to reduce memory usage. Loaded Objects now: 2255.
Total: 3.324200 ms (FindLiveObjects: 0.270900 ms CreateObjectMapping: 0.084000 ms MarkObjects: 2.775900 ms  DeleteObjects: 0.191600 ms)

========================================================================
Received Prepare
Registering precompiled user dll's ...
Registered in 0.005942 seconds.
Begin MonoManager ReloadAssembly
Native extension for WindowsStandalone target not found
Refreshing native plugins compatible for Editor in 0.69 ms, found 1 plugins.
Preloading 0 native plugins for Editor in 0.00 ms.
Mono: successfully reloaded assembly
- Completed reload, in  1.437 seconds
Platform modules already initialized, skipping
Refreshing native plugins compatible for Editor in 0.53 ms, found 1 plugins.
Preloading 0 native plugins for Editor in 0.00 ms.
Unloading 1810 Unused Serialized files (Serialized files now loaded: 0)
System memory in use before: 85.3 MB.
System memory in use after: 85.3 MB.

Unloading 17 unused Assets to reduce memory usage. Loaded Objects now: 2260.
Total: 3.724700 ms (FindLiveObjects: 0.318500 ms CreateObjectMapping: 0.099300 ms MarkObjects: 3.124800 ms  DeleteObjects: 0.179700 ms)

========================================================================
Received Import Request.
  Time since last request: 706.162332 seconds.
  path: Assets/Scripts/GameLiftClientService.cs
  artifactKey: Guid(7773fb2e67eb4594dbe1c9bed5adad8e) Importer(815301076,1909f56bfc062723c751e8b465ee728b)
Start importing Assets/Scripts/GameLiftClientService.cs using Guid(7773fb2e67eb4594dbe1c9bed5adad8e) Importer(815301076,1909f56bfc062723c751e8b465ee728b)  -> (artifact id: 'ae50fd8ac6a90141434d05afb4182d93') in 0.014620 seconds
  Import took 0.031968 seconds .

========================================================================
Received Prepare
Registering precompiled user dll's ...
Registered in 0.003852 seconds.
Begin MonoManager ReloadAssembly
Native extension for WindowsStandalone target not found
Refreshing native plugins compatible for Editor in 0.46 ms, found 1 plugins.
Preloading 0 native plugins for Editor in 0.00 ms.
Mono: successfully reloaded assembly
- Completed reload, in  1.407 seconds
Platform modules already initialized, skipping
Refreshing native plugins compatible for Editor in 0.79 ms, found 1 plugins.
Preloading 0 native plugins for Editor in 0.00 ms.
Unloading 1810 Unused Serialized files (Serialized files now loaded: 0)
System memory in use before: 85.4 MB.
System memory in use after: 85.3 MB.

Unloading 17 unused Assets to reduce memory usage. Loaded Objects now: 2264.
Total: 3.007200 ms (FindLiveObjects: 0.250400 ms CreateObjectMapping: 0.059900 ms MarkObjects: 2.545000 ms  DeleteObjects: 0.149600 ms)

========================================================================
Received Prepare
Registering precompiled user dll's ...
Registered in 0.005236 seconds.
Begin MonoManager ReloadAssembly
Native extension for WindowsStandalone target not found
Refreshing native plugins compatible for Editor in 0.61 ms, found 1 plugins.
Preloading 0 native plugins for Editor in 0.00 ms.
Mono: successfully reloaded assembly
- Completed reload, in  1.207 seconds
Platform modules already initialized, skipping
Refreshing native plugins compatible for Editor in 0.50 ms, found 1 plugins.
Preloading 0 native plugins for Editor in 0.00 ms.
Unloading 1810 Unused Serialized files (Serialized files now loaded: 0)
System memory in use before: 85.4 MB.
System memory in use after: 85.4 MB.

Unloading 17 unused Assets to reduce memory usage. Loaded Objects now: 2268.
Total: 3.651800 ms (FindLiveObjects: 0.296200 ms CreateObjectMapping: 0.093400 ms MarkObjects: 3.073100 ms  DeleteObjects: 0.187000 ms)

========================================================================
Received Import Request.
  Time since last request: 626.626321 seconds.
  path: Assets/Scripts/GameLiftClientService.cs
  artifactKey: Guid(7773fb2e67eb4594dbe1c9bed5adad8e) Importer(815301076,1909f56bfc062723c751e8b465ee728b)
Start importing Assets/Scripts/GameLiftClientService.cs using Guid(7773fb2e67eb4594dbe1c9bed5adad8e) Importer(815301076,1909f56bfc062723c751e8b465ee728b)  -> (artifact id: '8387e6ad02c36c464e41850e68bffc38') in 0.015679 seconds
  Import took 0.031135 seconds .

========================================================================
Received Import Request.
  Time since last request: 17.096736 seconds.
  path: Assets/Scenes/SampleScene.unity
  artifactKey: Guid(2cda990e2423bbf4892e6590ba056729) Importer(815301076,1909f56bfc062723c751e8b465ee728b)
Start importing Assets/Scenes/SampleScene.unity using Guid(2cda990e2423bbf4892e6590ba056729) Importer(815301076,1909f56bfc062723c751e8b465ee728b)  -> (artifact id: 'aa27944bdea339c97c39027c7eea529c') in 0.035524 seconds
  Import took 0.052445 seconds .

========================================================================
Received Import Request.
  Time since last request: 39.633772 seconds.
  path: Assets/Scripts/RealTimeClient.cs
  artifactKey: Guid(3b75d4d141eee4947a997223f12604e0) Importer(815301076,1909f56bfc062723c751e8b465ee728b)
Start importing Assets/Scripts/RealTimeClient.cs using Guid(3b75d4d141eee4947a997223f12604e0) Importer(815301076,1909f56bfc062723c751e8b465ee728b)  -> (artifact id: 'c6ffb4252333f502c27780b67b7d8904') in 0.016514 seconds
  Import took 0.036039 seconds .

========================================================================
Received Prepare
Registering precompiled user dll's ...
Registered in 0.003901 seconds.
Begin MonoManager ReloadAssembly
Native extension for WindowsStandalone target not found
Refreshing native plugins compatible for Editor in 1.72 ms, found 1 plugins.
Preloading 0 native plugins for Editor in 0.00 ms.
Mono: successfully reloaded assembly
- Completed reload, in  1.681 seconds
Platform modules already initialized, skipping
Refreshing native plugins compatible for Editor in 0.46 ms, found 1 plugins.
Preloading 0 native plugins for Editor in 0.00 ms.
Unloading 1811 Unused Serialized files (Serialized files now loaded: 0)
System memory in use before: 85.5 MB.
System memory in use after: 85.4 MB.

Unloading 17 unused Assets to reduce memory usage. Loaded Objects now: 2273.
Total: 3.609900 ms (FindLiveObjects: 0.290100 ms CreateObjectMapping: 0.083100 ms MarkObjects: 3.046000 ms  DeleteObjects: 0.188700 ms)

========================================================================
Received Import Request.
  Time since last request: 95.021839 seconds.
  path: Assets/Scripts/RealTimeClient.cs
  artifactKey: Guid(3b75d4d141eee4947a997223f12604e0) Importer(815301076,1909f56bfc062723c751e8b465ee728b)
Start importing Assets/Scripts/RealTimeClient.cs using Guid(3b75d4d141eee4947a997223f12604e0) Importer(815301076,1909f56bfc062723c751e8b465ee728b)  -> (artifact id: '514397766ce17991f727095a5c4fce4b') in 0.015695 seconds
  Import took 0.031296 seconds .

========================================================================
Received Import Request.
  Time since last request: 192.132365 seconds.
  path: Assets/Plugins/AWSSDK.Core.dll
  artifactKey: Guid(780673412f8e944b781761bae5ea2193) Importer(815301076,1909f56bfc062723c751e8b465ee728b)
Start importing Assets/Plugins/AWSSDK.Core.dll using Guid(780673412f8e944b781761bae5ea2193) Importer(815301076,1909f56bfc062723c751e8b465ee728b)  -> (artifact id: '377f50650cb0c2ff31c5ab1c8fa80d19') in 0.053247 seconds
  Import took 0.058114 seconds .

========================================================================
Received Import Request.
  Time since last request: 0.157333 seconds.
  path: Assets/Plugins/AWSSDK.Core.dll
  artifactKey: Guid(780673412f8e944b781761bae5ea2193) Importer(815301076,1909f56bfc062723c751e8b465ee728b)
Start importing Assets/Plugins/AWSSDK.Core.dll using Guid(780673412f8e944b781761bae5ea2193) Importer(815301076,1909f56bfc062723c751e8b465ee728b)  -> (artifact id: '377f50650cb0c2ff31c5ab1c8fa80d19') in 0.006143 seconds
  Import took 0.026836 seconds .

========================================================================
Received Import Request.
  Time since last request: 0.635918 seconds.
  path: Assets/Plugins/AWSSDK.GameLift.dll
  artifactKey: Guid(025835613f59d43eeb0202c7befe55a7) Importer(815301076,1909f56bfc062723c751e8b465ee728b)
Start importing Assets/Plugins/AWSSDK.GameLift.dll using Guid(025835613f59d43eeb0202c7befe55a7) Importer(815301076,1909f56bfc062723c751e8b465ee728b)  -> (artifact id: 'ef031c9d176399ce6006e3fc893f6974') in 0.013062 seconds
  Import took 0.036419 seconds .

========================================================================
Received Import Request.
  Time since last request: 1.943993 seconds.
  path: Assets/Plugins/Microsoft.Bcl.AsyncInterfaces.dll
  artifactKey: Guid(60f1ae64d28c5432286ca953f09d61e9) Importer(815301076,1909f56bfc062723c751e8b465ee728b)
Start importing Assets/Plugins/Microsoft.Bcl.AsyncInterfaces.dll using Guid(60f1ae64d28c5432286ca953f09d61e9) Importer(815301076,1909f56bfc062723c751e8b465ee728b)  -> (artifact id: '630a2250de15b90ececbe486e9e2c949') in 0.013627 seconds
  Import took 0.064040 seconds .

========================================================================
Received Import Request.
  Time since last request: 0.995727 seconds.
  path: Assets/Plugins/System.Runtime.CompilerServices.Unsafe.dll
  artifactKey: Guid(c6ee66587563e4d05925398768f009e3) Importer(815301076,1909f56bfc062723c751e8b465ee728b)
Start importing Assets/Plugins/System.Runtime.CompilerServices.Unsafe.dll using Guid(c6ee66587563e4d05925398768f009e3) Importer(815301076,1909f56bfc062723c751e8b465ee728b)  -> (artifact id: 'fa15945d3adcedbed25fd6189a3d8498') in 0.016354 seconds
  Import took 0.038822 seconds .

========================================================================
Received Import Request.
  Time since last request: 263.341914 seconds.
  path: Assets/Plugins/System.Threading.Tasks.Extensions.dll
  artifactKey: Guid(749a17f43a8394fb1bf200fcf448104f) Importer(815301076,1909f56bfc062723c751e8b465ee728b)
Start importing Assets/Plugins/System.Threading.Tasks.Extensions.dll using Guid(749a17f43a8394fb1bf200fcf448104f) Importer(815301076,1909f56bfc062723c751e8b465ee728b)  -> (artifact id: 'dee14577c4409f0586a4f7d79c013f1b') in 0.017086 seconds
  Import took 0.034674 seconds .

AssetImportWorkerClient::OnTransportError - code=2 error=End of file
